🔧 Loading ontology from TTL files...
DEBUG: Found defaultValue for isMainDriver: 'YES'
DEBUG: Processing field isMainDriver - domain: 'Driver', label: 'Are You the Main Driver?'
DEBUG: Processing field relationship - domain: 'Driver', label: 'Relationship to Main Driver'
DEBUG: Processing field driverType - domain: 'Driver', label: 'Driver Classification'
DEBUG: Processing field licenceType - domain: 'Driver', label: 'Licence Type'
DEBUG: Processing field licenceCategory - domain: 'Driver', label: 'Licence Entitlements'
DEBUG: Processing field revocationReason - domain: 'Driver', label: 'Reason for Revocation'
DEBUG: Processing field revocationDate - domain: 'Driver', label: 'Date of Revocation'
DEBUG: Processing field licenceReinstated - domain: 'Driver', label: 'Has Licence Been Reinstated?'
DEBUG: Processing field reinstatementDate - domain: 'Driver', label: 'Date of Reinstatement'
DEBUG: Processing field reinstatementConditions - domain: 'Driver', label: 'Any Conditions on Reinstatement?'
DEBUG: Processing field reinstatementConditionsOtherDetails - domain: 'Driver', label: 'Please Specify Other Conditions'
DEBUG: Processing field licenceRestrictionCodes - domain: 'Driver', label: 'Which Restriction Codes Apply?'
DEBUG: Found defaultValue for manualOrAuto: 'MANUAL'
DEBUG: Processing field manualOrAuto - domain: 'Driver', label: 'Manual or Automatic Entitlement'
DEBUG: Processing field dateFirstIssued - domain: 'Driver', label: 'Date First Issued'
DEBUG: Processing field yearsHeldFull - domain: 'Driver', label: 'Years Held Full Licence'
DEBUG: Processing field countryOfIssue - domain: 'Driver', label: 'Licence - Country of Issue'
DEBUG: Processing field licenceEverRevoked - domain: 'Driver', label: 'Has Your Licence Ever Been Revoked?'
DEBUG: Processing field licenceEverRefused - domain: 'Driver', label: 'Has Your Licence Ever Been Refused?'
DEBUG: Processing field licenceEverRestricted - domain: 'Driver', label: 'Has Your Licence Ever Been Restricted?'
DEBUG: Processing field pendingProsecutions - domain: 'Driver', label: 'Any Pending Prosecutions?'
DEBUG: Processing field drivingTestsFailed - domain: 'Driver', label: 'Number Of Driving Tests Failed'
DEBUG: Processing field exchangedToUK - domain: 'Driver', label: 'Exchanged To UK Licence?'
DEBUG: Processing field licenceNumber - domain: 'Driver', label: 'Licence Number'
DEBUG: Processing field hasMedicalConditions - domain: 'Driver', label: 'Any Medical Conditions Affecting Driving?'
DEBUG: Processing field medicalConditionTypes - domain: 'Driver', label: 'Medical Conditions'
DEBUG: Processing field requiresGlasses - domain: 'Driver', label: 'Must Wear Glasses/Contacts When Driving?'
DEBUG: Processing field automaticOnly - domain: 'Driver', label: 'Restricted To Automatic Cars Only?'
DEBUG: Creating field automaticOnly - IsMultiSelect: false, FormType: 'radio', EnumValues: [YES NO]
DEBUG: Field struct: {Property:automaticOnly Label:Restricted To Automatic Cars Only? Type:radio Required:true HelpText:Are you restricted to driving automatic vehicles only? (DVLA code 78) Options:[{Value:YES Label:Yes} {Value:NO Label:No}] Domain:Driver ConditionalDisplay: ConditionalRequirement: IsMultiSelect:false FormType:radio EnumerationValues:[YES NO] ArrayItemStructure: FormSection:medical_history FormInfoText: DefaultValue:NO}
DEBUG: Processing field hasAccidents - domain: 'Driver', label: 'Any Accidents/Claims In Last 5 Years?'
DEBUG: Parsing accidentDate - formSection: 'accidents'
DEBUG: Property block snippet:   autoins:displayOrder "5.1" ;
  autoins:formSection "accidents" ;
  autoins:dataClassification autoins:PersonalData ;
  autoins:consentRequired "true"^^xsd:boolean ;
  autoins:retentionPeriod "P7Y" .
DEBUG: Processing field accidentDate - domain: 'Driver', label: 'Date Of Accident'
DEBUG: Processing field whoWasDriving - domain: 'Driver', label: 'Who Was Driving?'
DEBUG: Processing field mainDriverWasDriving - domain: 'Driver', label: 'Main Driver Was Driving?'
DEBUG: Parsing accidentFault - formSection: 'accidents'
DEBUG: Property block snippet:   autoins:displayOrder "5.4" ;
  autoins:formSection "accidents" ;
  autoins:dataClassification autoins:PersonalData ;
  autoins:consentRequired "true"^^xsd:boolean ;
  autoins:retentionPeriod "P7Y" .
DEBUG: Processing field accidentFault - domain: 'Driver', label: 'Were You At Fault?'
DEBUG: Processing field hasEndorsements - domain: 'Driver', label: 'Any Current Endorsements/Penalty Points?'
DEBUG: Processing field endorsementOccurrences - domain: 'Driver', label: 'Endorsement Occurrences'
DEBUG: Processing field endorsementCode - domain: 'EndorsementOccurrence', label: 'DVLA Code'
DEBUG: Processing field endorsementPoints - domain: 'EndorsementOccurrence', label: 'Penalty Points'
DEBUG: Processing field endorsementOffenceDate - domain: 'EndorsementOccurrence', label: 'Offence Date'
DEBUG: Processing field currentTotalPenaltyPoints - domain: 'Driver', label: 'Current Total Penalty Points On Licence'
DEBUG: Processing field hasDisqualifications - domain: 'Driver', label: 'Any Previous Disqualifications/Bans?'
DEBUG: Processing field disqualificationStartDate - domain: 'Driver', label: 'Disqualification Start Date'
DEBUG: Processing field disqualificationEndDate - domain: 'Driver', label: 'Disqualification End Date'
DEBUG: Processing field disqualificationReason - domain: 'Driver', label: 'Reason For Disqualification'
DEBUG: Processing field disqualificationDuration - domain: 'Driver', label: 'Disqualification Duration (Months)'
DEBUG: Processing field licenceEverRefused - domain: 'Driver', label: 'Has Your Licence Ever Been Refused?'
DEBUG: Processing field pendingProsecutions - domain: 'Driver', label: 'Any Pending Prosecutions?'
DEBUG: Processing field drivingTestsFailed - domain: 'Driver', label: 'Number Of Driving Tests Failed'
DEBUG: Processing field noClaimsYears - domain: 'Driver', label: 'Years Of No Claims Bonus'
DEBUG: Processing field noClaimsProtected - domain: 'Driver', label: 'Is Your No Claims Bonus Protected?'
DEBUG: Processing field registration - domain: 'Vehicle', label: 'registration'
DEBUG: Processing field make - domain: 'Vehicle', label: 'make'
DEBUG: Processing field model - domain: 'Vehicle', label: 'model'
DEBUG: Processing field year - domain: 'Vehicle', label: 'year'
DEBUG: Processing field engineSize - domain: 'Vehicle', label: 'engine size'
DEBUG: Processing field fuelType - domain: 'Vehicle', label: 'fuel type'
DEBUG: Processing field transmission - domain: 'Vehicle', label: 'transmission'
DEBUG: Processing field bodyType - domain: 'Vehicle', label: 'body type'
DEBUG: Processing field doors - domain: 'Vehicle', label: 'doors'
DEBUG: Processing field seats - domain: 'Vehicle', label: 'seats'
DEBUG: Processing field value - domain: 'Vehicle', label: 'value'
DEBUG: Processing field purchasePrice - domain: 'Vehicle', label: 'purchase price'
DEBUG: Processing field purchaseDate - domain: 'Vehicle', label: 'purchase date'
DEBUG: Processing field ownershipType - domain: 'Vehicle', label: 'ownership type'
DEBUG: Processing field financingCompany - domain: 'Vehicle', label: 'financing company'
DEBUG: Processing field daytimeLocation - domain: 'Vehicle', label: 'daytime location'
DEBUG: Processing field overnightLocation - domain: 'Vehicle', label: 'overnight location'
DEBUG: Processing field annualMileage - domain: 'Vehicle', label: 'annual mileage'
DEBUG: Processing field businessUse - domain: 'Vehicle', label: 'business use'
DEBUG: Processing field businessUseType - domain: 'Vehicle', label: 'business use type'
DEBUG: Processing field hasModifications - domain: 'Vehicle', label: 'has modifications'
DEBUG: Processing field modifications - domain: 'Vehicle', label: 'vehicle modifications'
DEBUG: Processing field modificationValue - domain: 'Vehicle', label: 'total modification value (£)'
DEBUG: Processing field modificationDeclared - domain: 'Vehicle', label: 'modifications declared to DVLA'
DEBUG: Processing field hasAlarm - domain: 'Vehicle', label: 'has alarm'
DEBUG: Processing field alarmType - domain: 'Vehicle', label: 'alarm type'
DEBUG: Processing field hasImmobiliser - domain: 'Vehicle', label: 'has immobiliser'
DEBUG: Processing field immobiliserType - domain: 'Vehicle', label: 'immobiliser type'
DEBUG: Processing field hasTracking - domain: 'Vehicle', label: 'has tracking'
DEBUG: Processing field trackingType - domain: 'Vehicle', label: 'tracking type'
DEBUG: Processing field securityMarking - domain: 'Vehicle', label: 'security marking'
DEBUG: Processing field previousOwners - domain: 'Vehicle', label: 'previous owners'
DEBUG: Processing field serviceHistory - domain: 'Vehicle', label: 'service history'
DEBUG: Processing field motStatus - domain: 'Vehicle', label: 'MOT status'
DEBUG: Processing field motExpiryDate - domain: 'Vehicle', label: 'MOT expiry date'
DEBUG: Processing field taxStatus - domain: 'Vehicle', label: 'tax status'
DEBUG: Processing field taxExpiryDate - domain: 'Vehicle', label: 'tax expiry date'
DEBUG: Processing field vin - domain: 'Vehicle', label: 'VIN'
DEBUG: Processing field engineNumber - domain: 'Vehicle', label: 'engine number'
DEBUG: Processing field chassisNumber - domain: 'Vehicle', label: 'chassis number'
DEBUG: Processing field power - domain: 'Vehicle', label: 'power'
DEBUG: Processing field topSpeed - domain: 'Vehicle', label: 'top speed'
DEBUG: Processing field acceleration - domain: 'Vehicle', label: 'acceleration'
DEBUG: Processing field weight - domain: 'Vehicle', label: 'weight'
DEBUG: Processing field coverType - domain: 'InsurancePolicy', label: 'cover type'
DEBUG: Processing field startDate - domain: 'InsurancePolicy', label: 'start date'
DEBUG: Processing field endDate - domain: 'InsurancePolicy', label: 'end date'
DEBUG: Processing field policyTerm - domain: 'InsurancePolicy', label: 'policy term'
DEBUG: Processing field renewalType - domain: 'InsurancePolicy', label: 'renewal type'
DEBUG: Processing field voluntaryExcess - domain: 'InsurancePolicy', label: 'voluntary excess'
DEBUG: Processing field compulsoryExcess - domain: 'InsurancePolicy', label: 'compulsory excess'
DEBUG: Processing field totalExcess - domain: 'InsurancePolicy', label: 'total excess'
DEBUG: Processing field youngDriverExcess - domain: 'InsurancePolicy', label: 'young driver excess'
DEBUG: Processing field inexperiencedDriverExcess - domain: 'InsurancePolicy', label: 'inexperienced driver excess'
DEBUG: Processing field ncdYears - domain: 'InsurancePolicy', label: 'NCD years'
DEBUG: Processing field protectNCD - domain: 'InsurancePolicy', label: 'protect NCD'
DEBUG: Processing field ncdSource - domain: 'InsurancePolicy', label: 'NCD source'
DEBUG: Processing field ncdProofRequired - domain: 'InsurancePolicy', label: 'NCD proof required'
DEBUG: Processing field thirdPartyLimit - domain: 'Coverage', label: 'third party limit'
DEBUG: Processing field fireTheftCover - domain: 'Coverage', label: 'fire theft cover'
DEBUG: Processing field comprehensiveCover - domain: 'Coverage', label: 'comprehensive cover'
DEBUG: Processing field personalAccidentCover - domain: 'Coverage', label: 'personal accident cover'
DEBUG: Processing field medicalExpensesCover - domain: 'Coverage', label: 'medical expenses cover'
DEBUG: Processing field personalEffectsCover - domain: 'Coverage', label: 'personal effects cover'
DEBUG: Processing field windscreenCover - domain: 'Coverage', label: 'windscreen cover'
DEBUG: Processing field windscreenExcess - domain: 'Coverage', label: 'windscreen excess'
DEBUG: Processing field windscreenRepairLimit - domain: 'Coverage', label: 'windscreen repair limit'
DEBUG: Processing field breakdownCover - domain: 'Coverage', label: 'breakdown cover'
DEBUG: Processing field recoveryLimit - domain: 'Coverage', label: 'recovery limit'
DEBUG: Processing field onwardTravelCover - domain: 'Coverage', label: 'onward travel cover'
DEBUG: Processing field courtesyCarCover - domain: 'Coverage', label: 'courtesy car cover'
DEBUG: Processing field courtesyCarType - domain: 'Coverage', label: 'courtesy car type'
DEBUG: Processing field vehicleReplacementCover - domain: 'Coverage', label: 'vehicle replacement cover'
DEBUG: Processing field legalExpensesCover - domain: 'Coverage', label: 'legal expenses cover'
DEBUG: Processing field legalExpensesLimit - domain: 'Coverage', label: 'legal expenses limit'
DEBUG: Processing field motorLegalProtection - domain: 'Coverage', label: 'motor legal protection'
DEBUG: Processing field uninsuredDriverCover - domain: 'Coverage', label: 'uninsured driver cover'
DEBUG: Processing field drinkDriveExclusion - domain: 'Exclusion', label: 'drink drive exclusion'
DEBUG: Processing field recklessDrivingExclusion - domain: 'Exclusion', label: 'reckless driving exclusion'
DEBUG: Processing field racingExclusion - domain: 'Exclusion', label: 'racing exclusion'
DEBUG: Processing field commercialUseExclusion - domain: 'Exclusion', label: 'commercial use exclusion'
DEBUG: Processing field minimumDriverAge - domain: 'InsurancePolicy', label: 'minimum driver age'
DEBUG: Processing field maximumDriverAge - domain: 'InsurancePolicy', label: 'maximum driver age'
DEBUG: Processing field drivingExperienceRequired - domain: 'InsurancePolicy', label: 'driving experience required'
DEBUG: Processing field mileageRestriction - domain: 'InsurancePolicy', label: 'mileage restriction'
DEBUG: Processing field policyHolder - domain: 'InsurancePolicy', label: 'policy holder'
DEBUG: Processing field policyReference - domain: 'InsurancePolicy', label: 'policy reference'
DEBUG: Processing field brokerReference - domain: 'InsurancePolicy', label: 'broker reference'
DEBUG: Processing field underwriterReference - domain: 'InsurancePolicy', label: 'underwriter reference'
DEBUG: Processing field hasClaims - domain: 'ClaimsHistory', label: 'has claims'
DEBUG: Processing field hasAccidents - domain: 'Driver', label: 'Any Accidents/Claims In Last 5 Years?'
DEBUG: Processing field claimsCount - domain: 'ClaimsHistory', label: 'claims count'
DEBUG: Processing field accidentsCount - domain: 'ClaimsHistory', label: 'accidents count'
DEBUG: Processing field claimDate - domain: 'Claim', label: 'claim date'
DEBUG: Processing field incidentDate - domain: 'Claim', label: 'incident date'
DEBUG: Processing field claimType - domain: 'Claim', label: 'claim type'
DEBUG: Processing field claimAmount - domain: 'Claim', label: 'claim amount'
DEBUG: Processing field paidAmount - domain: 'Claim', label: 'paid amount'
DEBUG: Processing field claimStatus - domain: 'Claim', label: 'claim status'
DEBUG: Processing field faultStatus - domain: 'Claim', label: 'fault status'
DEBUG: Processing field faultPercentage - domain: 'Claim', label: 'fault percentage'
DEBUG: Processing field policeReported - domain: 'Claim', label: 'police reported'
DEBUG: Processing field crimeReference - domain: 'Claim', label: 'crime reference'
DEBUG: Processing field claimDescription - domain: 'Claim', label: 'claim description'
DEBUG: Processing field claimNumber - domain: 'Claim', label: 'claim number'
DEBUG: Processing field settledAmount - domain: 'Claim', label: 'settled amount'
DEBUG: Processing field excessPaid - domain: 'Claim', label: 'excess paid'
DEBUG: Processing field recoveryAmount - domain: 'Claim', label: 'recovery amount'
DEBUG: Processing field settlementDate - domain: 'Claim', label: 'settlement date'
DEBUG: Processing field deductibleAmount - domain: 'Claim', label: 'deductible amount'
DEBUG: Processing field accidentType - domain: 'Accident', label: 'accident type'
DEBUG: Processing field accidentSeverity - domain: 'Accident', label: 'accident severity'
DEBUG: Processing field accidentLocation - domain: 'Accident', label: 'accident location'
DEBUG: Processing field accidentCause - domain: 'Accident', label: 'accident cause'
DEBUG: Processing field claimMade - domain: 'Accident', label: 'claim made'
DEBUG: Processing field accidentDescription - domain: 'Accident', label: 'accident description'
DEBUG: Processing field damageDescription - domain: 'Accident', label: 'damage description'
DEBUG: Processing field estimatedDamageAmount - domain: 'Accident', label: 'estimated damage amount'
DEBUG: Processing field injuriesReported - domain: 'Accident', label: 'injuries reported'
DEBUG: Processing field injuryCount - domain: 'Accident', label: 'injury count'
DEBUG: Processing field vehicleDamage - domain: 'Accident', label: 'vehicle damage'
DEBUG: Processing field propertyDamage - domain: 'Accident', label: 'property damage'
DEBUG: Processing field emergencyServices - domain: 'Accident', label: 'emergency services'
DEBUG: Processing field numberOfVehiclesInvolved - domain: 'Accident', label: 'number of vehicles involved'
DEBUG: Processing field numberOfInjuries - domain: 'Accident', label: 'number of injuries'
DEBUG: Processing field policeReportFiled - domain: 'Accident', label: 'police report filed'
DEBUG: Processing field policeReportNumber - domain: 'Accident', label: 'police report number'
DEBUG: Processing field citationIssued - domain: 'Accident', label: 'citation issued'
DEBUG: Processing field thirdPartyInvolved - domain: 'Claim', label: 'third party involved'
DEBUG: Processing field thirdPartyInsurer - domain: 'Claim', label: 'third party insurer'
DEBUG: Processing field repairRequired - domain: 'Claim', label: 'repair required'
DEBUG: Processing field repairCost - domain: 'Claim', label: 'repair cost'
DEBUG: Processing field totalLoss - domain: 'Claim', label: 'total loss'
DEBUG: Processing field withinTimeLimit - domain: 'Claim', label: 'within time limit'
DEBUG: Processing field previouslyDeclared - domain: 'Claim', label: 'previously declared'
DEBUG: Processing field affectsNCD - domain: 'Claim', label: 'affects NCD'
DEBUG: Processing field baseReserve - domain: 'ReserveCalculation', label: 'base reserve'
DEBUG: Processing field fraudModifier - domain: 'ReserveCalculation', label: 'fraud modifier'
DEBUG: Processing field liabilityModifier - domain: 'ReserveCalculation', label: 'liability modifier'
DEBUG: Processing field partsModifier - domain: 'ReserveCalculation', label: 'parts modifier'
DEBUG: Processing field finalReserve - domain: 'ReserveCalculation', label: 'final reserve'
DEBUG: Processing field reserveBand - domain: 'ReserveCalculation', label: 'reserve band'
DEBUG: Processing field hasFraudSignals - domain: 'Claim', label: 'has fraud signals'
DEBUG: Processing field liabilityUncertain - domain: 'Claim', label: 'liability uncertain'
DEBUG: Processing field partsBackorder - domain: 'Claim', label: 'parts backorder'
DEBUG: Processing field vehicleACV - domain: 'Vehicle', label: 'actual cash value'
DEBUG: Processing field factIRI - domain: 'FactReference', label: 'fact IRI'
DEBUG: Processing field factValue - domain: 'FactReference', label: 'fact value'
DEBUG: Processing field calculationType - domain: 'CalculationReference', label: 'calculation type'
DEBUG: Processing field calculationResult - domain: 'CalculationReference', label: 'calculation result'
DEBUG: Processing field availableTools - domain: 'GroundedResponse', label: 'available tools'
DEBUG: Processing field requiresFollowUp - domain: 'GroundedResponse', label: 'requires follow up'
DEBUG: Processing field followUpQuestion - domain: 'GroundedResponse', label: 'follow up question'
DEBUG: Processing field paymentFrequency - domain: 'PaymentConfiguration', label: 'payment frequency'
DEBUG: Processing field paymentMethod - domain: 'PaymentConfiguration', label: 'payment method'
DEBUG: Processing field paymentDay - domain: 'PaymentConfiguration', label: 'payment day'
DEBUG: Processing field firstPaymentDate - domain: 'PaymentConfiguration', label: 'first payment date'
DEBUG: Processing field basePremium - domain: 'Premium', label: 'base premium'
DEBUG: Processing field totalPremium - domain: 'Premium', label: 'total premium'
DEBUG: Processing field monthlyPremium - domain: 'Premium', label: 'monthly premium'
DEBUG: Processing field installmentFee - domain: 'Premium', label: 'installment fee'
DEBUG: Processing field interestRate - domain: 'Premium', label: 'interest rate'
DEBUG: Processing field administrationFee - domain: 'PolicyFees', label: 'administration fee'
DEBUG: Processing field arrangementFee - domain: 'PolicyFees', label: 'arrangement fee'
DEBUG: Processing field brokerageFee - domain: 'PolicyFees', label: 'brokerage fee'
DEBUG: Processing field underwritingFee - domain: 'PolicyFees', label: 'underwriting fee'
DEBUG: Processing field documentFee - domain: 'PolicyFees', label: 'document fee'
DEBUG: Processing field insurancePremiumTax - domain: 'PolicyFees', label: 'insurance premium tax'
DEBUG: Processing field iptRate - domain: 'PolicyFees', label: 'IPT rate'
DEBUG: Processing field motorInsuranceDatabaseFee - domain: 'PolicyFees', label: 'MID fee'
DEBUG: Processing field legalExpensesCost - domain: 'OptionalExtra', label: 'legal expenses cost'
DEBUG: Processing field breakdownCoverCost - domain: 'OptionalExtra', label: 'breakdown cover cost'
DEBUG: Processing field courtesyCarCost - domain: 'OptionalExtra', label: 'courtesy car cost'
DEBUG: Processing field personalAccidentCost - domain: 'OptionalExtra', label: 'personal accident cost'
DEBUG: Processing field keyReplacementCost - domain: 'OptionalExtra', label: 'key replacement cost'
DEBUG: Processing field accountHolderName - domain: 'PaymentConfiguration', label: 'account holder name'
DEBUG: Processing field bankAccountNumber - domain: 'PaymentConfiguration', label: 'bank account number'
DEBUG: Processing field bankSortCode - domain: 'PaymentConfiguration', label: 'bank sort code'
DEBUG: Processing field bankName - domain: 'PaymentConfiguration', label: 'bank name'
DEBUG: Processing field cardNumber - domain: 'PaymentConfiguration', label: 'card number'
DEBUG: Processing field cardExpiryDate - domain: 'PaymentConfiguration', label: 'card expiry date'
DEBUG: Processing field cardSecurityCode - domain: 'PaymentConfiguration', label: 'card security code'
DEBUG: Processing field cardType - domain: 'PaymentConfiguration', label: 'card type'
DEBUG: Processing field billingAddress - domain: 'PaymentConfiguration', label: 'billing address'
DEBUG: Processing field billingPostcode - domain: 'PaymentConfiguration', label: 'billing postcode'
DEBUG: Processing field billingCountry - domain: 'PaymentConfiguration', label: 'billing country'
DEBUG: Processing field numberOfInstallments - domain: 'PaymentSchedule', label: 'number of installments'
DEBUG: Skipping field installmentAmount - domain: 'PaymentSchedule', label: ''
DEBUG: Processing field finalInstallmentAmount - domain: 'PaymentSchedule', label: 'final installment amount'
DEBUG: Processing field paymentDates - domain: 'PaymentSchedule', label: 'payment dates'
DEBUG: Processing field multiCarDiscount - domain: 'Premium', label: 'multi car discount'
DEBUG: Processing field loyaltyDiscount - domain: 'Premium', label: 'loyalty discount'
DEBUG: Processing field onlineDiscount - domain: 'Premium', label: 'online discount'
DEBUG: Processing field directDebitDiscount - domain: 'Premium', label: 'direct debit discount'
DEBUG: Processing field annualPaymentDiscount - domain: 'Premium', label: 'annual payment discount'
DEBUG: Processing field paymentProcessorFee - domain: 'PolicyFees', label: 'payment processor fee'
DEBUG: Processing field cardProcessingFee - domain: 'PolicyFees', label: 'card processing fee'
DEBUG: Processing field directDebitSetupFee - domain: 'PolicyFees', label: 'direct debit setup fee'
DEBUG: Processing field refundAmount - domain: 'Premium', label: 'refund amount'
DEBUG: Processing field cancellationFee - domain: 'PolicyFees', label: 'cancellation fee'
DEBUG: Processing field adjustmentFee - domain: 'PolicyFees', label: 'adjustment fee'
DEBUG: Skipping field gdprCompliant - domain: '', label: 'GDPR compliant'
DEBUG: Skipping field complianceNotes - domain: '', label: 'compliance notes'
DEBUG: Skipping field lastComplianceReview - domain: '', label: 'last compliance review'
DEBUG: Processing field bankName - domain: 'BankAccount', label: 'bank name'
DEBUG: Processing field accountNumber - domain: 'BankAccount', label: 'account number'
DEBUG: Processing field sortCode - domain: 'BankAccount', label: 'sort code'
DEBUG: Processing field accountHolderName - domain: 'BankAccount', label: 'account holder name'
DEBUG: Processing field openBankingClientId - domain: 'BankAccount', label: 'Open Banking client ID'
DEBUG: Processing field openBankingClientSecret - domain: 'BankAccount', label: 'Open Banking client secret'
DEBUG: Processing field openBankingRedirectUri - domain: 'BankAccount', label: 'Open Banking redirect URI'
DEBUG: Processing field requires2FA - domain: 'BankAccount', label: 'requires 2FA'
DEBUG: Processing field twoFAMethod - domain: 'BankAccount', label: '2FA method'
DEBUG: Processing field credentialRenewalDate - domain: 'BankAccount', label: 'credential renewal date'
DEBUG: Processing field lastAccessDate - domain: 'BankAccount', label: 'last access date'
DEBUG: Processing field accessStatus - domain: 'BankAccount', label: 'access status'
DEBUG: Processing field menuOrder - domain: 'MenuStructure', label: 'menu order'
DEBUG: Processing field menuIcon - domain: 'MenuStructure', label: 'menu icon'
DEBUG: Processing field categoryId - domain: 'MenuStructure', label: 'category ID'
DEBUG: Processing field i18nCompliant - domain: 'Settings', label: 'i18n compliant'
DEBUG: Processing field multiLanguageSupport - domain: 'Settings', label: 'multi-language support'
DEBUG: Processing field paymentMethod - domain: 'InsurancePayments', label: 'payment method'
DEBUG: Processing field paymentFrequency - domain: 'InsurancePayments', label: 'payment frequency'
DEBUG: Processing field premiumAmount - domain: 'InsurancePayments', label: 'premium amount'
DEBUG: Processing field paymentStartDate - domain: 'InsurancePayments', label: 'payment start date'
DEBUG: Processing field autoRenewal - domain: 'InsurancePayments', label: 'auto renewal'
DEBUG: Processing field discountCode - domain: 'InsurancePayments', label: 'discount code'
DEBUG: Processing field paymentReference - domain: 'InsurancePayments', label: 'payment reference'
DEBUG: Processing field cardProvider - domain: 'CreditCard', label: 'card provider'
DEBUG: Processing field cardType - domain: 'CreditCard', label: 'card type'
DEBUG: Processing field cardNumber - domain: 'CreditCard', label: 'card number'
DEBUG: Processing field expiryDate - domain: 'CreditCard', label: 'expiry date'
DEBUG: Processing field securityCode - domain: 'CreditCard', label: 'security code'
DEBUG: Processing field cardholderName - domain: 'CreditCard', label: 'cardholder name'
DEBUG: Processing field cardholderAddress - domain: 'CreditCard', label: 'cardholder address'
DEBUG: Processing field emailProvider - domain: 'CommunicationChannel', label: 'email provider'
DEBUG: Processing field emailAddress - domain: 'CommunicationChannel', label: 'email address'
DEBUG: Processing field oauth2Enabled - domain: 'CommunicationChannel', label: 'OAuth2 enabled'
DEBUG: Processing field oauth2ClientId - domain: 'CommunicationChannel', label: 'OAuth2 client ID'
DEBUG: Processing field oauth2ClientSecret - domain: 'CommunicationChannel', label: 'OAuth2 client secret'
DEBUG: Processing field autoSyncEnabled - domain: 'CommunicationChannel', label: 'auto sync enabled'
DEBUG: Processing field syncFrequency - domain: 'CommunicationChannel', label: 'sync frequency'
DEBUG: Processing field imapServer - domain: 'CommunicationChannel', label: 'IMAP server'
DEBUG: Processing field imapPort - domain: 'CommunicationChannel', label: 'IMAP port'
DEBUG: Processing field telegramBotToken - domain: 'CommunicationChannel', label: 'Telegram bot token'
DEBUG: Processing field telegramChatId - domain: 'CommunicationChannel', label: 'Telegram chat ID'
DEBUG: Processing field signalNumber - domain: 'CommunicationChannel', label: 'Signal number'
DEBUG: Processing field mobileNumber - domain: 'CommunicationChannel', label: 'mobile number'
DEBUG: Processing field smsProvider - domain: 'CommunicationChannel', label: 'SMS provider'
DEBUG: Processing field alexaSkillName - domain: 'CommunicationChannel', label: 'Alexa skill name'
DEBUG: Processing field alexaAccount - domain: 'CommunicationChannel', label: 'Alexa account'
DEBUG: Processing field googleAssistantProject - domain: 'CommunicationChannel', label: 'Google Assistant project'
DEBUG: Processing field phoneNumber - domain: 'CommunicationChannel', label: 'phone number'
DEBUG: Processing field siriShortcuts - domain: 'CommunicationChannel', label: 'Siri shortcuts'
DEBUG: Processing field cortanaSkill - domain: 'CommunicationChannel', label: 'Cortana skill'
DEBUG: Processing field emailProvider - domain: 'CommunicationChannel', label: 'email provider'
DEBUG: Processing field emailAddress - domain: 'CommunicationChannel', label: 'email address'
DEBUG: Processing field oauth2Enabled - domain: 'CommunicationChannel', label: 'OAuth2 enabled'
DEBUG: Processing field emailPassword - domain: 'CommunicationChannel', label: 'email password'
DEBUG: Processing field appPassword - domain: 'CommunicationChannel', label: 'app password'
DEBUG: Processing field oauth2ClientId - domain: 'CommunicationChannel', label: 'OAuth2 client ID'
DEBUG: Processing field oauth2ClientSecret - domain: 'CommunicationChannel', label: 'OAuth2 client secret'
DEBUG: Processing field refreshToken - domain: 'CommunicationChannel', label: 'refresh token'
DEBUG: Processing field accessToken - domain: 'CommunicationChannel', label: 'access token'
DEBUG: Processing field autoSyncEnabled - domain: 'CommunicationChannel', label: 'auto sync enabled'
DEBUG: Processing field syncFrequency - domain: 'CommunicationChannel', label: 'sync frequency'
DEBUG: Processing field imapServer - domain: 'CommunicationChannel', label: 'IMAP server'
DEBUG: Processing field imapPort - domain: 'CommunicationChannel', label: 'IMAP port'
DEBUG: Processing field imapUseSSL - domain: 'CommunicationChannel', label: 'IMAP use SSL'
DEBUG: Processing field smtpServer - domain: 'CommunicationChannel', label: 'SMTP server'
DEBUG: Processing field smtpPort - domain: 'CommunicationChannel', label: 'SMTP port'
DEBUG: Processing field smtpUseTLS - domain: 'CommunicationChannel', label: 'SMTP use TLS'
DEBUG: Processing field syncFrequency - domain: 'CommunicationChannel', label: 'sync frequency'
DEBUG: Processing field healthCheckEnabled - domain: 'Settings', label: 'health check enabled'
DEBUG: Processing field healthCheckFrequency - domain: 'Settings', label: 'health check frequency'
DEBUG: Processing field alertOnFailure - domain: 'Settings', label: 'alert on failure'
DEBUG: Processing field retryAttempts - domain: 'Settings', label: 'retry attempts'
DEBUG: Processing field lastHealthCheck - domain: 'Settings', label: 'last health check'
DEBUG: Processing field healthStatus - domain: 'Settings', label: 'health status'
DEBUG: Processing field encryptionAlgorithm - domain: 'Settings', label: 'encryption algorithm'
DEBUG: Processing field keyDerivation - domain: 'Settings', label: 'key derivation'
DEBUG: Processing field sessionTimeout - domain: 'Settings', label: 'session timeout'
DEBUG: Processing field accessLogging - domain: 'Settings', label: 'access logging'
DEBUG: Processing field auditTrail - domain: 'Settings', label: 'audit trail'
DEBUG: Processing field passportNumber - domain: 'PassportDocument', label: 'passport number'
DEBUG: Processing field givenNames - domain: 'PassportDocument', label: 'given names'
DEBUG: Processing field surname - domain: 'PassportDocument', label: 'surname'
DEBUG: Processing field dateOfBirth - domain: 'PassportDocument', label: 'date of birth'
DEBUG: Processing field dateOfExpiry - domain: 'PassportDocument', label: 'date of expiry'
DEBUG: Processing field dateOfIssue - domain: 'PassportDocument', label: 'date of issue'
DEBUG: Processing field issuingAuthority - domain: 'PassportDocument', label: 'issuing authority'
DEBUG: Processing field placeOfBirth - domain: 'PassportDocument', label: 'place of birth'
DEBUG: Processing field nationality - domain: 'PassportDocument', label: 'nationality'
DEBUG: Processing field gender - domain: 'PassportDocument', label: 'gender'
DEBUG: Processing field licenceNumber - domain: 'DrivingLicenceDocument', label: 'licence number'
DEBUG: Processing field licenceIssueDate - domain: 'DrivingLicenceDocument', label: 'licence issue date'
DEBUG: Processing field licenceExpiryDate - domain: 'DrivingLicenceDocument', label: 'licence expiry date'
DEBUG: Processing field licenceCategories - domain: 'DrivingLicenceDocument', label: 'licence categories'
DEBUG: Processing field licenceGivenNames - domain: 'DrivingLicenceDocument', label: 'given names'
DEBUG: Processing field licenceSurname - domain: 'DrivingLicenceDocument', label: 'surname'
DEBUG: Processing field licenceDateOfBirth - domain: 'DrivingLicenceDocument', label: 'date of birth'
DEBUG: Processing field licencePlaceOfBirth - domain: 'DrivingLicenceDocument', label: 'place of birth'
DEBUG: Processing field licenceAuthority - domain: 'DrivingLicenceDocument', label: 'issuing authority'
DEBUG: Processing field entitlementA - domain: 'DrivingLicenceDocument', label: 'Category A - Motorcycles'
DEBUG: Processing field entitlementB - domain: 'DrivingLicenceDocument', label: 'Category B - Cars'
DEBUG: Processing field entitlementC - domain: 'DrivingLicenceDocument', label: 'Category C - Large Vehicles'
DEBUG: Processing field entitlementD - domain: 'DrivingLicenceDocument', label: 'Category D - Buses'
DEBUG: Processing field entitlementBE - domain: 'DrivingLicenceDocument', label: 'Category BE - Car + Trailer'
DEBUG: Processing field entitlementCE - domain: 'DrivingLicenceDocument', label: 'Category CE - Large Vehicle + Trailer'
DEBUG: Processing field entitlementDE - domain: 'DrivingLicenceDocument', label: 'Category DE - Bus + Trailer'
DEBUG: Processing field licenceRestrictions - domain: 'DrivingLicenceDocument', label: 'licence restrictions'
DEBUG: Processing field licenceEndorsements - domain: 'DrivingLicenceDocument', label: 'licence endorsements'
DEBUG: Processing field yearsLicenceHeld - domain: 'DrivingLicenceDocument', label: 'years licence held'
DEBUG: Processing field ocrSupported - domain: 'PersonalDocument', label: 'OCR supported'
DEBUG: Processing field mrzSupported - domain: 'PersonalDocument', label: 'MRZ supported'
DEBUG: Processing field confidenceThreshold - domain: 'PersonalDocument', label: 'confidence threshold'
DEBUG: Skipping field extractionMethod - domain: '', label: 'extraction method'
DEBUG: Skipping field ocrRegion - domain: '', label: 'OCR region'
DEBUG: Skipping field dateFormat - domain: '', label: 'date format'
DEBUG: Skipping field ocrConfidence - domain: '', label: 'OCR confidence'
DEBUG: Skipping field isRequired - domain: '', label: 'is required'
DEBUG: Skipping field formHelpText - domain: '', label: 'form help text'
DEBUG: Skipping field validationPattern - domain: '', label: 'validation pattern'
DEBUG: Skipping field enumerationValues - domain: '', label: 'enumeration values'
DEBUG: Skipping field defaultValue - domain: '', label: 'default value'
DEBUG: Processing field documentID - domain: 'PersonalDocument', label: 'document ID'
DEBUG: Processing field documentNumber - domain: 'PersonalDocument', label: 'document number'
DEBUG: Processing field issueDate - domain: 'PersonalDocument', label: 'issue date'
DEBUG: Processing field expiryDate - domain: 'CreditCard', label: 'expiry date'
DEBUG: Processing field validFrom - domain: 'PersonalDocument', label: 'valid from'
DEBUG: Processing field validUntil - domain: 'PersonalDocument', label: 'valid until'
DEBUG: Processing field documentTitle - domain: 'PersonalDocument', label: 'document title'
DEBUG: Processing field documentType - domain: 'PersonalDocument', label: 'document type'
DEBUG: Processing field documentStatus - domain: 'PersonalDocument', label: 'document status'
DEBUG: Processing field fullName - domain: 'Person', label: 'full name'
DEBUG: Processing field firstName - domain: 'Person', label: 'first name'
DEBUG: Processing field middleName - domain: 'Person', label: 'middle name'
DEBUG: Processing field lastName - domain: 'Person', label: 'last name'
DEBUG: Processing field dateOfBirth - domain: 'PassportDocument', label: 'date of birth'
DEBUG: Processing field placeOfBirth - domain: 'PassportDocument', label: 'place of birth'
DEBUG: Processing field gender - domain: 'PassportDocument', label: 'gender'
DEBUG: Processing field nationality - domain: 'PassportDocument', label: 'nationality'
DEBUG: Processing field amount - domain: 'FinancialDocument', label: 'amount'
DEBUG: Processing field currency - domain: 'FinancialDocument', label: 'currency'
DEBUG: Processing field accountNumber - domain: 'BankAccount', label: 'account number'
DEBUG: Processing field degreeName - domain: 'EducationalDocument', label: 'degree name'
DEBUG: Processing field fieldOfStudy - domain: 'EducationalDocument', label: 'field of study'
DEBUG: Processing field graduationDate - domain: 'EducationalDocument', label: 'graduation date'
DEBUG: Processing field gpa - domain: 'EducationalDocument', label: 'GPA'
DEBUG: Processing field vehicleIdentificationNumber - domain: 'VehicleDocument', label: 'VIN'
DEBUG: Processing field licensePlate - domain: 'VehicleDocument', label: 'license plate'
DEBUG: Processing field vehicleMake - domain: 'VehicleDocument', label: 'vehicle make'
DEBUG: Processing field vehicleModel - domain: 'VehicleDocument', label: 'vehicle model'
DEBUG: Processing field vehicleYear - domain: 'VehicleDocument', label: 'vehicle year'
DEBUG: Processing field streetAddress - domain: 'Address', label: 'street address'
DEBUG: Processing field city - domain: 'Address', label: 'city'
DEBUG: Processing field stateProvince - domain: 'Address', label: 'state/province'
DEBUG: Processing field postalCode - domain: 'Address', label: 'postal code'
DEBUG: Processing field countryCode - domain: 'Country', label: 'country code'
✅ Successfully parsed TTL files - loaded 5 ontology sections
  📋 Section 'drivers': Driver Details (42 fields)
  📋 Section 'vehicles': Vehicle Details (45 fields)
  📋 Section 'claims': Claims History (3 fields)
  📋 Section 'settings': Application Settings (71 fields)
  📋 Section 'documents': Personal Documents (51 fields)
🔍 Checking documents section: 51 fields found
🎯 Final ontology has 5 categories
========================================
✅ CLIENT-UX Personal Data Manager v3.0
🌐 Open: http://localhost:3000
🏢 Domains: Insurance, Finance, Legal, Health
🎤 Voice/TTS, Smart Dialogs, OCR, i18n
🔗 RDF/SHACL Ontologies, Vendor Integration
========================================
🔥 HandleOntologyAPI called!
API DEBUG: Processing category documents
API DEBUG: Category documents has 51 fields
API DEBUG: Processing category drivers
API DEBUG: Category drivers has 42 fields
API DEBUG: Found field automaticOnly - IsMultiSelect: false, FormType: 'radio', EnumValues: [YES NO]
FIELDMAP DEBUG: automaticOnly = map[arrayItemStructure: conditionalDisplay: enumerationValues:[YES NO] formSection:medical_history formType:radio isMultiSelect:false label:Restricted To Automatic Cars Only? property:automaticOnly required:true type:radio]
API DEBUG: Processing category vehicles
API DEBUG: Category vehicles has 45 fields
API DEBUG: Processing category claims
API DEBUG: Category claims has 3 fields
API DEBUG: Processing category settings
API DEBUG: Category settings has 71 fields
✅ Returning ontology with 5 categories and 5 sections
RESPONSE DEBUG: automaticOnly field = map[arrayItemStructure: conditionalDisplay: enumerationValues:[YES NO] formSection:medical_history formType:radio helpText:Are you restricted to driving automatic vehicles only? (DVLA code 78) isMultiSelect:false label:Restricted To Automatic Cars Only? options:[map[label:Yes value:YES] map[label:No value:NO]] property:automaticOnly required:true type:radio]
